***************************************************************************************************
*                                    ConcuCalesita - 2014-10-13                                   *
***************************************************************************************************
14:26:52 | [3583] Lanzador	 | El tiempo de vuelta es de: 2 segundos
14:26:52 | [3583] Lanzador	 | La cantidad de lugares es: 4
14:26:52 | [3583] Lanzador	 | La cantidad de niños en el barrio es: 2
14:26:52 | [3583] Lanzador	 | Empieza la simulación
14:26:52 | [3583] Lanzador	 | Se lanzó el administrador
14:26:52 | [3583] Lanzador	 | Se lanzó el recaudador
14:26:52 | [3583] Lanzador	 | Se lanzó la calesita
14:26:52 | [3583] Lanzador	 | Se lanzó la fila para subir a la calesita
14:26:52 | [3583] Lanzador	 | Se lanzó la fila para comprar boleto
14:26:52 | [3583] Lanzador	 | Se lanzó un niño
14:26:52 | [3585] Recaudador	 | Entré a trabajar
14:26:52 | [3583] Lanzador	 | Se lanzó un niño
14:26:52 | [3584] Administrador	 | Entré a trabajar
14:26:52 | [3584] Administrador	 | En la caja hay: $0
14:26:52 | [3586] Calesita	 | Se abre la calesita para este día
14:26:52 | [3587] Fila Calesita	 | Arranca la fila de la calesita
14:26:52 | [3590] Kid		 | Voy hacia el parque :D
14:26:52 | [3590] Kid		 | Entré al parque
14:26:52 | [3590] Kid		 | Aumento en uno la cantidad de chicos en el parque
14:26:52 | [3590] Kid		 | Me encolo para sacar boleto
14:26:52 | [3588] FilaBoleto	 | Arranca la fila de venta de boletos
14:26:52 | [3589] Kid		 | Voy hacia el parque :D
14:26:52 | [3589] Kid		 | Entré al parque
14:26:52 | [3589] Kid		 | Aumento en uno la cantidad de chicos en el parque
14:26:52 | [3589] Kid		 | Me encolo para sacar boleto
14:26:52 | [3588] FilaBoleto	 | Le da boleto al chico: 3590
14:26:52 | [3588] FilaBoleto	 | Le dice al recaudador que pasó el chico: 3590
14:26:52 | [3585] Recaudador	 | Coloqué $2en la caja
14:26:52 | [3588] FilaBoleto	 | Le da boleto al chico: 3589
14:26:52 | [3588] FilaBoleto	 | Le dice al recaudador que pasó el chico: 3589
14:26:52 | [3585] Recaudador	 | Coloqué $2en la caja
14:26:52 | [3589] Kid		 | Obtuve mi boleto 
14:26:52 | [3590] Kid		 | Obtuve mi boleto 
14:26:52 | [3587] Fila Calesita	 | Pasa el chico: 3590
14:26:52 | [3587] Fila Calesita	 | Pasa el chico: 3589
14:26:52 | [3590] Kid		 | Pasé la cola para subir a la calesita 
14:26:52 | [3590] Kid		 | Me senté en el lugar: 0
14:26:52 | [3590] Kid		 | Me subí a la calesita :D
14:26:52 | [3589] Kid		 | Pasé la cola para subir a la calesita 
14:26:54 | [3584] Administrador	 | En la caja hay: $4
14:26:55 | [3584] Administrador	 | En la caja hay: $4
14:26:57 | [3584] Administrador	 | En la caja hay: $4
14:26:59 | [3584] Administrador	 | En la caja hay: $4
14:27:01 | [3584] Administrador	 | En la caja hay: $4
14:27:03 | [3584] Administrador	 | En la caja hay: $4
14:27:04 | [3584] Administrador	 | En la caja hay: $4
14:27:05 | [3584] Administrador	 | En la caja hay: $4
14:27:07 | [3584] Administrador	 | En la caja hay: $4
14:27:08 | [3583] Lanzador	 | Error: en el wait de un chico . Strerr: Interrupted system call
14:27:08 | [3583] Lanzador	 | Error: en el wait puerta 2. Strerr: No child processes
14:27:08 | [3583] Lanzador	 | Se lanzó el niño fantasma
14:27:08 | [3583] Lanzador	 | Espero a que muera la calesita
14:27:08 | [3583] Lanzador	 | Espero a que muera el recaudador y el admin
14:27:08 | [3583] Lanzador	 | Espero a que muera el fantasma
14:27:08 | [3600] Fantasma	 | Entré al parque
14:27:08 | [3600] Fantasma	 | Intento subir a la calesita
14:27:08 | [3600] Fantasma	 | Subí a la calesita
14:27:11 | [3583] Lanzador	 | Ok ahora mato semaforos
14:27:11 | [3583] Lanzador	 | MUERTE POR SIGINT
***************************************************************************************************
*                                    ConcuCalesita - 2014-10-13                                   *
***************************************************************************************************
14:31:02 | [3767] Lanzador	 | El tiempo de vuelta es de: 2 segundos
14:31:02 | [3767] Lanzador	 | La cantidad de lugares es: 4
14:31:02 | [3767] Lanzador	 | La cantidad de niños en el barrio es: 2
14:31:02 | [3767] Lanzador	 | Empieza la simulación
14:31:02 | [3767] Lanzador	 | Se lanzó el administrador
14:31:02 | [3767] Lanzador	 | Se lanzó el recaudador
14:31:02 | [3767] Lanzador	 | Se lanzó la calesita
14:31:02 | [3767] Lanzador	 | Se lanzó la fila para subir a la calesita
14:31:02 | [3767] Lanzador	 | Se lanzó la fila para comprar boleto
14:31:02 | [3767] Lanzador	 | Se lanzó un niño
14:31:02 | [3767] Lanzador	 | Se lanzó un niño
14:31:02 | [3768] Administrador	 | Entré a trabajar
14:31:02 | [3768] Administrador	 | En la caja hay: $0
14:31:02 | [3773] Kid		 | Voy hacia el parque :D
14:31:02 | [3773] Kid		 | Entré al parque
14:31:02 | [3773] Kid		 | Aumento en uno la cantidad de chicos en el parque
14:31:02 | [3773] Kid		 | Me encolo para sacar boleto
14:31:02 | [3774] Kid		 | Voy hacia el parque :D
14:31:02 | [3774] Kid		 | Entré al parque
14:31:02 | [3774] Kid		 | Aumento en uno la cantidad de chicos en el parque
14:31:02 | [3774] Kid		 | Me encolo para sacar boleto
14:31:02 | [3769] Recaudador	 | Entré a trabajar
14:31:02 | [3772] FilaBoleto	 | Arranca la fila de venta de boletos
14:31:02 | [3772] FilaBoleto	 | Le da boleto al chico: 3773
14:31:02 | [3772] FilaBoleto	 | Le dice al recaudador que pasó el chico: 3773
14:31:02 | [3772] FilaBoleto	 | Le da boleto al chico: 3774
14:31:02 | [3772] FilaBoleto	 | Le dice al recaudador que pasó el chico: 3774
14:31:02 | [3773] Kid		 | Obtuve mi boleto 
14:31:02 | [3769] Recaudador	 | Coloqué $2en la caja
14:31:02 | [3769] Recaudador	 | Coloqué $2en la caja
14:31:02 | [3774] Kid		 | Obtuve mi boleto 
14:31:02 | [3770] Calesita	 | Se abre la calesita para este día
14:31:02 | [3771] Fila Calesita	 | Arranca la fila de la calesita
14:31:02 | [3771] Fila Calesita	 | Pasa el chico: 3773
14:31:02 | [3773] Kid		 | Pasé la cola para subir a la calesita 
14:31:02 | [3771] Fila Calesita	 | Pasa el chico: 3774
14:31:02 | [3773] Kid		 | Me senté en el lugar: 0
14:31:02 | [3773] Kid		 | Me subí a la calesita :D
14:31:02 | [3774] Kid		 | Pasé la cola para subir a la calesita 
14:31:02 | [3774] Kid		 | Quize el lugar: 0 ,pero estaba ocupado.
14:31:02 | [3774] Kid		 | Me senté en el lugar: 1
14:31:02 | [3774] Kid		 | Me subí a la calesita :D
14:31:02 | [3770] Calesita	 | Arranca una vuelta
14:31:04 | [3768] Administrador	 | En la caja hay: $4
14:31:04 | [3770] Calesita	 | Termina la vuelta
14:31:04 | [3773] Kid		 | Me bajé de la calesita :(
14:31:04 | [3773] Kid		 | Me fui del parque
14:31:04 | [3774] Kid		 | Me bajé de la calesita :(
14:31:04 | [3774] Kid		 | Me fui del parque
14:31:04 | [3772] FilaBoleto	 | Se cierra la fila de venta de boletos
14:31:04 | [3769] Recaudador	 | Terminé mi trabajo
14:31:04 | [3771] Fila Calesita	 | Se cierra la fila de la calesita
14:31:04 | [3767] Lanzador	 | Se lanzó el niño fantasma
14:31:04 | [3767] Lanzador	 | Espero a que muera la calesita
14:31:04 | [3784] Fantasma	 | Entré al parque
14:31:04 | [3784] Fantasma	 | Intento subir a la calesita
14:31:04 | [3784] Fantasma	 | Subí a la calesita
14:31:04 | [3784] Fantasma	 | Me bajé de la calesita
14:31:04 | [3784] Fantasma	 | Como mis deseos infantiles fueron satisfecho, me retiro de este mundo
14:31:04 | [3770] Calesita	 | Se detiene la calesita
14:31:04 | [3767] Lanzador	 | Espero a que muera el recaudador y el admin
14:31:05 | [3768] Administrador	 | En la caja hay: $4
14:31:05 | [3768] Administrador	 | Terminé mi trabajo
14:31:05 | [3767] Lanzador	 | Espero a que muera el fantasma
14:31:05 | [3767] Lanzador	 | Ok ahora mato semaforos
14:31:05 | [3767] Lanzador	 | Terminó la simulación
***************************************************************************************************
